[   16507ms] [WARNING] An error occurred! For more details, see the full error text at https://go.apollo.dev/c/err#%7B%22version%22%3A%223.14.1%22%2C%22message%22%3A103%2C%22args%22%3A%5B%22useQuery%22%2C%22onCompleted%22%2C%22If%20your%20%60onCompleted%60%20callback%20sets%20local%20state%2C%20switch%20to%20use%20derived%20state%20using%20%60data%60%20returned%20from%20the%20hook%20instead.%20Use%20%60useEffect%60%20to%20perform%20side-effects%20as%20a%20result%20of%20updates%20to%20%60data%60.%22%5D%7D @ https://troweprice.dagster.cloud/8a3692a9/_next/static/chunks/1537.536ae78969417fd5.js:5
[   16981ms] [ERROR] WebSocket connection to 'wss://troweprice.dagster.cloud/prod/graphql' failed: Error during WebSocket handshake: Unexpected response code: 403 @ https://troweprice.dagster.cloud/8a3692a9/_next/static/chunks/1537.536ae78969417fd5.js:44
[   17814ms] [ERROR] WebSocket connection to 'wss://troweprice.dagster.cloud/prod/graphql' failed: Error during WebSocket handshake: Unexpected response code: 403 @ https://troweprice.dagster.cloud/8a3692a9/_next/static/chunks/1537.536ae78969417fd5.js:44
[   18764ms] [ERROR] WebSocket connection to 'wss://troweprice.dagster.cloud/prod/graphql' failed: Error during WebSocket handshake: Unexpected response code: 403 @ https://troweprice.dagster.cloud/8a3692a9/_next/static/chunks/1537.536ae78969417fd5.js:44
[   19841ms] [ERROR] WebSocket connection to 'wss://troweprice.dagster.cloud/prod/graphql' failed: Error during WebSocket handshake: Unexpected response code: 403 @ https://troweprice.dagster.cloud/8a3692a9/_next/static/chunks/1537.536ae78969417fd5.js:44
[   21329ms] [ERROR] WebSocket connection to 'wss://troweprice.dagster.cloud/prod/graphql' failed: Error during WebSocket handshake: Unexpected response code: 403 @ https://troweprice.dagster.cloud/8a3692a9/_next/static/chunks/1537.536ae78969417fd5.js:44
[   23661ms] [ERROR] WebSocket connection to 'wss://troweprice.dagster.cloud/prod/graphql' failed: Error during WebSocket handshake: Unexpected response code: 403 @ https://troweprice.dagster.cloud/8a3692a9/_next/static/chunks/1537.536ae78969417fd5.js:44
[   26397ms] [LOG] Download the Apollo DevTools for a better development experience: %s https://chrome.google.com/webstore/detail/apollo-client-developer-t/jdkknkkbebbapilgoeccciglkfbmbnfm @ https://troweprice.dagster.cloud/8a3692a9/_next/static/chunks/1537.536ae78969417fd5.js:5
[   26767ms] [ERROR] WebSocket connection to 'wss://troweprice.dagster.cloud/prod/graphql' failed: Error during WebSocket handshake: Unexpected response code: 403 @ https://troweprice.dagster.cloud/8a3692a9/_next/static/chunks/1537.536ae78969417fd5.js:44
[   31604ms] [ERROR] WebSocket connection to 'wss://troweprice.dagster.cloud/prod/graphql' failed: Error during WebSocket handshake: Unexpected response code: 403 @ https://troweprice.dagster.cloud/8a3692a9/_next/static/chunks/1537.536ae78969417fd5.js:44
[   42071ms] [ERROR] WebSocket connection to 'wss://troweprice.dagster.cloud/prod/graphql' failed: Error during WebSocket handshake: Unexpected response code: 403 @ https://troweprice.dagster.cloud/8a3692a9/_next/static/chunks/1537.536ae78969417fd5.js:44
[   51384ms] [ERROR] Failed to load resource: the server responded with a status of 401 (Unauthorized) @ https://dagster.cloud/cypress/performance_stats:0
[   52626ms] [ERROR] WebSocket connection to 'wss://troweprice.dagster.cloud/prod/graphql' failed: Error during WebSocket handshake: Unexpected response code: 403 @ https://troweprice.dagster.cloud/8a3692a9/_next/static/chunks/1537.536ae78969417fd5.js:44
[   63204ms] [ERROR] WebSocket connection to 'wss://troweprice.dagster.cloud/prod/graphql' failed: Error during WebSocket handshake: Unexpected response code: 403 @ https://troweprice.dagster.cloud/8a3692a9/_next/static/chunks/1537.536ae78969417fd5.js:44
[   73875ms] [ERROR] WebSocket connection to 'wss://troweprice.dagster.cloud/prod/graphql' failed: Error during WebSocket handshake: Unexpected response code: 403 @ https://troweprice.dagster.cloud/8a3692a9/_next/static/chunks/1537.536ae78969417fd5.js:44
[   85876ms] [WARNING] An error occurred! For more details, see the full error text at https://go.apollo.dev/c/err#%7B%22version%22%3A%223.14.1%22%2C%22message%22%3A103%2C%22args%22%3A%5B%22useQuery%22%2C%22onCompleted%22%2C%22If%20your%20%60onCompleted%60%20callback%20sets%20local%20state%2C%20switch%20to%20use%20derived%20state%20using%20%60data%60%20returned%20from%20the%20hook%20instead.%20Use%20%60useEffect%60%20to%20perform%20side-effects%20as%20a%20result%20of%20updates%20to%20%60data%60.%22%5D%7D @ https://troweprice.dagster.cloud/8a3692a9/_next/static/chunks/1537.536ae78969417fd5.js:5
[   87202ms] [WARNING] WebSocket connection to 'wss://troweprice.dagster.cloud/prod/graphql' failed: WebSocket is closed before the connection is established. @ https://troweprice.dagster.cloud/8a3692a9/_next/static/chunks/1537.536ae78969417fd5.js:44
[   88674ms] [WARNING] WebSocket connection to 'wss://troweprice.dagster.cloud/prod/graphql' failed: WebSocket is closed before the connection is established. @ https://troweprice.dagster.cloud/8a3692a9/_next/static/chunks/1537.536ae78969417fd5.js:44
[   90151ms] [ERROR] Failed to load resource: the server responded with a status of 401 (Unauthorized) @ https://dagster.cloud/cypress/performance_stats:0
[   90271ms] [WARNING] WebSocket connection to 'wss://troweprice.dagster.cloud/prod/graphql' failed: WebSocket is closed before the connection is established. @ https://troweprice.dagster.cloud/8a3692a9/_next/static/chunks/1537.536ae78969417fd5.js:44
[   92461ms] [WARNING] WebSocket connection to 'wss://troweprice.dagster.cloud/prod/graphql' failed: WebSocket is closed before the connection is established. @ https://troweprice.dagster.cloud/8a3692a9/_next/static/chunks/1537.536ae78969417fd5.js:44
[   95407ms] [WARNING] WebSocket connection to 'wss://troweprice.dagster.cloud/prod/graphql' failed: WebSocket is closed before the connection is established. @ https://troweprice.dagster.cloud/8a3692a9/_next/static/chunks/1537.536ae78969417fd5.js:44
[   95821ms] [LOG] Download the Apollo DevTools for a better development experience: %s https://chrome.google.com/webstore/detail/apollo-client-developer-t/jdkknkkbebbapilgoeccciglkfbmbnfm @ https://troweprice.dagster.cloud/8a3692a9/_next/static/chunks/1537.536ae78969417fd5.js:5
[   95991ms] [LOG] [WebSockets] Timed out waiting for WS connection. @ https://troweprice.dagster.cloud/8a3692a9/_next/static/chunks/858.925fae0ca1470cd0.js:0
[   99805ms] [WARNING] WebSocket connection to 'wss://troweprice.dagster.cloud/prod/graphql' failed: WebSocket is closed before the connection is established. @ https://troweprice.dagster.cloud/8a3692a9/_next/static/chunks/1537.536ae78969417fd5.js:44
[  107243ms] [WARNING] WebSocket connection to 'wss://troweprice.dagster.cloud/prod/graphql' failed: WebSocket is closed before the connection is established. @ https://troweprice.dagster.cloud/8a3692a9/_next/static/chunks/1537.536ae78969417fd5.js:44
